(q0, {
	dataToSend: [{"info":0},{"info":1},{"info":2},{"info":3},{"info":4}]
	dataOnFly: []
	dataReceived: []
	dataDone: []
	ackOnFly: [] 
})

{Sender: send(data:{"info":2})}(includes(dataToSend, data)){dataOnFly: [...dataOnFly, { ...data, ...opts }]}
q0 --------------------------------------- sendData(data:{"info":2}) -------------------------------------------------> q0


(q0, {
	dataToSend: [{"info":0},{"info":1},{"info":2},{"info":3},{"info":4}]
	dataOnFly: [{"info":2}]
	dataReceived: []
	dataDone: []
	ackOnFly: [] 
})

{Receiver: receive(data:{"info":2})}(includes(dataOnFly, data)){dataOnFly: remove(dataOnFly, data), dataReceived: [...dataReceived, data]}
q0 --------------------------------------- receiveData(data:{"info":2}) -------------------------------------------------> q0


(q0, {
	dataToSend: [{"info":0},{"info":1},{"info":2},{"info":3},{"info":4}]
	dataOnFly: []
	dataReceived: [{"info":2}]
	dataDone: []
	ackOnFly: [] 
})

{Sender: send(data:{"info":0})}(includes(dataToSend, data)){dataOnFly: [...dataOnFly, { ...data, ...opts }]}
q0 --------------------------------------- sendData(data:{"info":0}) -------------------------------------------------> q0


(q0, {
	dataToSend: [{"info":0},{"info":1},{"info":2},{"info":3},{"info":4}]
	dataOnFly: [{"info":0}]
	dataReceived: [{"info":2}]
	dataDone: []
	ackOnFly: [] 
})

{Receiver: receive(data:{"info":0})}(includes(dataOnFly, data)){dataOnFly: remove(dataOnFly, data), dataReceived: [...dataReceived, data]}
q0 --------------------------------------- receiveData(data:{"info":0}) -------------------------------------------------> q0


(q0, {
	dataToSend: [{"info":0},{"info":1},{"info":2},{"info":3},{"info":4}]
	dataOnFly: []
	dataReceived: [{"info":2},{"info":0}]
	dataDone: []
	ackOnFly: [] 
})

{Sender: send(data:{"info":2})}(includes(dataToSend, data)){dataOnFly: [...dataOnFly, { ...data, ...opts }]}
q0 --------------------------------------- sendData(data:{"info":2}) -------------------------------------------------> q0


(q0, {
	dataToSend: [{"info":0},{"info":1},{"info":2},{"info":3},{"info":4}]
	dataOnFly: [{"info":2}]
	dataReceived: [{"info":2},{"info":0}]
	dataDone: []
	ackOnFly: [] 
})

{Receiver: receive(data:{"info":2})}(includes(dataOnFly, data)){dataOnFly: remove(dataOnFly, data), dataReceived: [...dataReceived, data]}
q0 --------------------------------------- receiveData(data:{"info":2}) -------------------------------------------------> q0


(q0, {
	dataToSend: [{"info":0},{"info":1},{"info":2},{"info":3},{"info":4}]
	dataOnFly: []
	dataReceived: [{"info":2},{"info":0},{"info":2}]
	dataDone: []
	ackOnFly: [] 
})

{Sender: send(data:{"info":3})}(includes(dataToSend, data)){dataOnFly: [...dataOnFly, { ...data, ...opts }]}
q0 --------------------------------------- sendData(data:{"info":3}) -------------------------------------------------> q0


(q0, {
	dataToSend: [{"info":0},{"info":1},{"info":2},{"info":3},{"info":4}]
	dataOnFly: [{"info":3}]
	dataReceived: [{"info":2},{"info":0},{"info":2}]
	dataDone: []
	ackOnFly: [] 
})

{Sender: send(data:{"info":2})}(includes(dataToSend, data)){dataOnFly: [...dataOnFly, { ...data, ...opts }]}
q0 --------------------------------------- sendData(data:{"info":2}) -------------------------------------------------> q0


(q0, {
	dataToSend: [{"info":0},{"info":1},{"info":2},{"info":3},{"info":4}]
	dataOnFly: [{"info":3},{"info":2}]
	dataReceived: [{"info":2},{"info":0},{"info":2}]
	dataDone: []
	ackOnFly: [] 
})

{Receiver: receive(data:{"info":2})}(includes(dataOnFly, data)){dataOnFly: remove(dataOnFly, data), dataReceived: [...dataReceived, data]}
q0 --------------------------------------- receiveData(data:{"info":2}) -------------------------------------------------> q0


(q0, {
	dataToSend: [{"info":0},{"info":1},{"info":2},{"info":3},{"info":4}]
	dataOnFly: [{"info":3}]
	dataReceived: [{"info":2},{"info":0},{"info":2},{"info":2}]
	dataDone: []
	ackOnFly: [] 
})

{Receiver: receive(data:{"info":3})}(includes(dataOnFly, data)){dataOnFly: remove(dataOnFly, data), dataReceived: [...dataReceived, data]}
q0 --------------------------------------- receiveData(data:{"info":3}) -------------------------------------------------> q0


(q0, {
	dataToSend: [{"info":0},{"info":1},{"info":2},{"info":3},{"info":4}]
	dataOnFly: []
	dataReceived: [{"info":2},{"info":0},{"info":2},{"info":2},{"info":3}]
	dataDone: []
	ackOnFly: [] 
})

