(q0-s0, {
	dataToSend: [{"info":0},{"info":1},{"info":2},{"info":3},{"info":4}]
	dataOnFly: []
	dataReceived: []
	dataDone: []
	ackOnFly: []
	seq: 0
	ack: 1 
})

{}((includes(dataToSend, data)) && (isDeepEqual(dataToSend[0], data))){dataOnFly: [...dataOnFly, { ...data, ...opts }]}
q0-s0 --------------------------------------- sendData(data:{"info":0}) -------------------------------------------------> q0-s1


(q0-s1, {
	dataToSend: [{"info":0},{"info":1},{"info":2},{"info":3},{"info":4}]
	dataOnFly: [{"info":0,"seq":0,"ack":1}]
	dataReceived: []
	dataDone: []
	ackOnFly: []
	seq: 0
	ack: 1 
})

{Receiver: receive(data:{"info":0,"seq":0,"ack":1})}(includes(dataOnFly, data)){dataOnFly: remove(dataOnFly, data), dataReceived: [...dataReceived, data]}
q0-s1 --------------------------------------- receiveData(data:{"info":0,"seq":0,"ack":1}) -------------------------------------------------> q0-s1


(q0-s1, {
	dataToSend: [{"info":0},{"info":1},{"info":2},{"info":3},{"info":4}]
	dataOnFly: []
	dataReceived: [{"info":0,"seq":0,"ack":1}]
	dataDone: []
	ackOnFly: []
	seq: 0
	ack: 1 
})

{Receiver: process()}(True){}
q0-s1 --------------------------------------- tau() -------------------------------------------------> q0-s1


(q0-s1, {
	dataToSend: [{"info":0},{"info":1},{"info":2},{"info":3},{"info":4}]
	dataOnFly: []
	dataReceived: [{"info":0,"seq":0,"ack":1}]
	dataDone: []
	ackOnFly: []
	seq: 0
	ack: 1 
})

{Receiver: process()}(True){}
q0-s1 --------------------------------------- tau() -------------------------------------------------> q0-s1


(q0-s1, {
	dataToSend: [{"info":0},{"info":1},{"info":2},{"info":3},{"info":4}]
	dataOnFly: []
	dataReceived: [{"info":0,"seq":0,"ack":1}]
	dataDone: []
	ackOnFly: []
	seq: 0
	ack: 1 
})

{Receiver: process()}(True){}
q0-s1 --------------------------------------- tau() -------------------------------------------------> q0-s1


(q0-s1, {
	dataToSend: [{"info":0},{"info":1},{"info":2},{"info":3},{"info":4}]
	dataOnFly: []
	dataReceived: [{"info":0,"seq":0,"ack":1}]
	dataDone: []
	ackOnFly: []
	seq: 0
	ack: 1 
})

{Receiver: process()}(True){}
q0-s1 --------------------------------------- tau() -------------------------------------------------> q0-s1


(q0-s1, {
	dataToSend: [{"info":0},{"info":1},{"info":2},{"info":3},{"info":4}]
	dataOnFly: []
	dataReceived: [{"info":0,"seq":0,"ack":1}]
	dataDone: []
	ackOnFly: []
	seq: 0
	ack: 1 
})

{Receiver: process()}(True){}
q0-s1 --------------------------------------- tau() -------------------------------------------------> q0-s1


(q0-s1, {
	dataToSend: [{"info":0},{"info":1},{"info":2},{"info":3},{"info":4}]
	dataOnFly: []
	dataReceived: [{"info":0,"seq":0,"ack":1}]
	dataDone: []
	ackOnFly: []
	seq: 0
	ack: 1 
})

{Receiver: process()}(True){}
q0-s1 --------------------------------------- tau() -------------------------------------------------> q0-s1


(q0-s1, {
	dataToSend: [{"info":0},{"info":1},{"info":2},{"info":3},{"info":4}]
	dataOnFly: []
	dataReceived: [{"info":0,"seq":0,"ack":1}]
	dataDone: []
	ackOnFly: []
	seq: 0
	ack: 1 
})

{Receiver: process()}(True){}
q0-s1 --------------------------------------- tau() -------------------------------------------------> q0-s1


(q0-s1, {
	dataToSend: [{"info":0},{"info":1},{"info":2},{"info":3},{"info":4}]
	dataOnFly: []
	dataReceived: [{"info":0,"seq":0,"ack":1}]
	dataDone: []
	ackOnFly: []
	seq: 0
	ack: 1 
})

{Receiver: process()}(True){}
q0-s1 --------------------------------------- tau() -------------------------------------------------> q0-s1


(q0-s1, {
	dataToSend: [{"info":0},{"info":1},{"info":2},{"info":3},{"info":4}]
	dataOnFly: []
	dataReceived: [{"info":0,"seq":0,"ack":1}]
	dataDone: []
	ackOnFly: []
	seq: 0
	ack: 1 
})

